MyApplication/app/build/intermediates/manifest_merge_blame_file/debug/manifest-merger-blame-debug-report.txt
1<?xml version="1.0" encoding="utf-8"?>
2<manifest xmlns:android="http://schemas.android.com/apk/res/android"
3    package="com.example.myapplication"
4    android:versionCode="1"
5    android:versionName="1.0" >
6
7    <uses-sdk
8        android:minSdkVersion="33"
9        android:targetSdkVersion="34" />
10    <!-- 请求粗略定位 -->
11    <uses-permission android:name="android.permission.ACCESS_COARSE_LOCATION" />
11-->src\main\AndroidManifest.xml:5:5-80
11-->src\main\AndroidManifest.xml:5:22-78
12    <!-- 请求精准定位 -->
13    <uses-permission android:name="android.permission.ACCESS_FINE_LOCATION" />
13-->src\main\AndroidManifest.xml:7:5-78
13-->src\main\AndroidManifest.xml:7:22-76
14    <!-- 请求存储权限 -->
15    <uses-permission android:name="android.permission.WRITE_EXTERNAL_STORAGE" />
15-->src\main\AndroidManifest.xml:9:5-81
15-->src\main\AndroidManifest.xml:9:22-78
16
17    <!-- Include required permissions for Google Maps API to run. -->
18    <uses-permission android:name="android.permission.ACCESS_NETWORK_STATE" />
18-->[com.google.android.gms:play-services-maps:18.2.0] AndroidManifest.xml:23:5-79
18-->[com.google.android.gms:play-services-maps:18.2.0] AndroidManifest.xml:23:22-76
19    <uses-permission android:name="android.permission.INTERNET" />
19-->[com.google.android.gms:play-services-maps:18.2.0] AndroidManifest.xml:24:5-67
19-->[com.google.android.gms:play-services-maps:18.2.0] AndroidManifest.xml:24:22-64
20
21    <uses-feature
21-->[com.google.android.gms:play-services-maps:18.2.0] AndroidManifest.xml:26:5-28:35
22        android:glEsVersion="0x00020000"
22-->[com.google.android.gms:play-services-maps:18.2.0] AndroidManifest.xml:27:9-41
23        android:required="true" />
23-->[com.google.android.gms:play-services-maps:18.2.0] AndroidManifest.xml:28:9-32
24
25    <queries>
25-->[com.google.android.gms:play-services-maps:18.2.0] AndroidManifest.xml:30:5-34:15
26
27        <!-- Needs to be explicitly declared on Android R+ -->
28        <package android:name="com.google.android.apps.maps" />
28-->[com.google.android.gms:play-services-maps:18.2.0] AndroidManifest.xml:33:9-64
28-->[com.google.android.gms:play-services-maps:18.2.0] AndroidManifest.xml:33:18-61
29    </queries>
30
31    <permission
31-->[androidx.core:core:1.9.0] AndroidManifest.xml:22:5-24:47
32        android:name="com.example.myapplication.DYNAMIC_RECEIVER_NOT_EXPORTED_PERMISSION"
32-->[androidx.core:core:1.9.0] AndroidManifest.xml:23:9-81
33        android:protectionLevel="signature" />
33-->[androidx.core:core:1.9.0] AndroidManifest.xml:24:9-44
34
35    <uses-permission android:name="com.example.myapplication.DYNAMIC_RECEIVER_NOT_EXPORTED_PERMISSION" />
35-->[androidx.core:core:1.9.0] AndroidManifest.xml:26:5-97
35-->[androidx.core:core:1.9.0] AndroidManifest.xml:26:22-94
36
37    <application
37-->src\main\AndroidManifest.xml:11:5-50:19
38        android:allowBackup="true"
38-->src\main\AndroidManifest.xml:12:9-35
39        android:appComponentFactory="androidx.core.app.CoreComponentFactory"
39-->[androidx.core:core:1.9.0] AndroidManifest.xml:28:18-86
40        android:dataExtractionRules="@xml/data_extraction_rules"
40-->src\main\AndroidManifest.xml:13:9-65
41        android:debuggable="true"
42        android:extractNativeLibs="false"
43        android:fullBackupContent="@xml/backup_rules"
43-->src\main\AndroidManifest.xml:14:9-54
44        android:icon="@mipmap/ic_launcher"
44-->src\main\AndroidManifest.xml:15:9-43
45        android:label="@string/app_name"
45-->src\main\AndroidManifest.xml:16:9-41
46        android:roundIcon="@mipmap/ic_launcher_round"
46-->src\main\AndroidManifest.xml:17:9-54
47        android:supportsRtl="true"
47-->src\main\AndroidManifest.xml:18:9-35
48        android:testOnly="true"
49        android:theme="@style/Theme.MyApplication" >
49-->src\main\AndroidManifest.xml:19:9-51
50
51        <!--
52             TODO: Before you run your application, you need a Google Maps API key.
53
54             To get one, follow the directions here:
55
56                https://developers.google.com/maps/documentation/android-sdk/get-api-key
57
58             Once you have your API key (it starts with "AIza"), define a new property in your
59             project's local.properties file (e.g. MAPS_API_KEY=Aiza...), and replace the
60             "YOUR_API_KEY" string in this file with "${MAPS_API_KEY}".
61        -->
62        <meta-data
62-->src\main\AndroidManifest.xml:33:9-35:71
63            android:name="com.google.android.geo.API_KEY"
63-->src\main\AndroidManifest.xml:34:13-58
64            android:value="AIzaSyCtZ3B8py_kQByBaftxWw40Jq7uXCQNX_I" />
64-->src\main\AndroidManifest.xml:35:13-68
65
66        <activity
66-->src\main\AndroidManifest.xml:37:9-40:59
67            android:name="com.example.myapplication.MapsActivity"
67-->src\main\AndroidManifest.xml:38:13-41
68            android:exported="false"
68-->src\main\AndroidManifest.xml:39:13-37
69            android:label="@string/title_activity_maps" />
69-->src\main\AndroidManifest.xml:40:13-56
70        <activity
70-->src\main\AndroidManifest.xml:41:9-49:20
71            android:name="com.example.myapplication.MainActivity"
71-->src\main\AndroidManifest.xml:42:13-41
72            android:exported="true" >
72-->src\main\AndroidManifest.xml:43:13-36
73            <intent-filter>
73-->src\main\AndroidManifest.xml:44:13-48:29
74                <action android:name="android.intent.action.MAIN" />
74-->src\main\AndroidManifest.xml:45:17-69
74-->src\main\AndroidManifest.xml:45:25-66
75
76                <category android:name="android.intent.category.LAUNCHER" />
76-->src\main\AndroidManifest.xml:47:17-77
76-->src\main\AndroidManifest.xml:47:27-74
77            </intent-filter>
78        </activity>
79        <!-- Needs to be explicitly declared on P+ -->
80        <uses-library
80-->[com.google.android.gms:play-services-maps:18.2.0] AndroidManifest.xml:39:9-41:40
81            android:name="org.apache.http.legacy"
81-->[com.google.android.gms:play-services-maps:18.2.0] AndroidManifest.xml:40:13-50
82            android:required="false" />
82-->[com.google.android.gms:play-services-maps:18.2.0] AndroidManifest.xml:41:13-37
83
84        <provider
84-->[androidx.emoji2:emoji2:1.2.0] AndroidManifest.xml:24:9-32:20
85            android:name="androidx.startup.InitializationProvider"
85-->[androidx.emoji2:emoji2:1.2.0] AndroidManifest.xml:25:13-67
86            android:authorities="com.example.myapplication.androidx-startup"
86-->[androidx.emoji2:emoji2:1.2.0] AndroidManifest.xml:26:13-68
87            android:exported="false" >
87-->[androidx.emoji2:emoji2:1.2.0] AndroidManifest.xml:27:13-37
88            <meta-data
88-->[androidx.emoji2:emoji2:1.2.0] AndroidManifest.xml:29:13-31:52
89                android:name="androidx.emoji2.text.EmojiCompatInitializer"
89-->[androidx.emoji2:emoji2:1.2.0] AndroidManifest.xml:30:17-75
90                android:value="androidx.startup" />
90-->[androidx.emoji2:emoji2:1.2.0] AndroidManifest.xml:31:17-49
91            <meta-data
91-->[androidx.lifecycle:lifecycle-process:2.6.1] AndroidManifest.xml:29:13-31:52
92                android:name="androidx.lifecycle.ProcessLifecycleInitializer"
92-->[androidx.lifecycle:lifecycle-process:2.6.1] AndroidManifest.xml:30:17-78
93                android:value="androidx.startup" />
93-->[androidx.lifecycle:lifecycle-process:2.6.1] AndroidManifest.xml:31:17-49
94            <meta-data
94-->[androidx.profileinstaller:profileinstaller:1.3.0] AndroidManifest.xml:29:13-31:52
95                android:name="androidx.profileinstaller.ProfileInstallerInitializer"
95-->[androidx.profileinstaller:profileinstaller:1.3.0] AndroidManifest.xml:30:17-85
96                android:value="androidx.startup" />
96-->[androidx.profileinstaller:profileinstaller:1.3.0] AndroidManifest.xml:31:17-49
97        </provider>
98
99        <activity
99-->[com.google.android.gms:play-services-base:18.0.1] AndroidManifest.xml:20:9-22:45
100            android:name="com.google.android.gms.common.api.GoogleApiActivity"
100-->[com.google.android.gms:play-services-base:18.0.1] AndroidManifest.xml:20:19-85
101            android:exported="false"
101-->[com.google.android.gms:play-services-base:18.0.1] AndroidManifest.xml:22:19-43
102            android:theme="@android:style/Theme.Translucent.NoTitleBar" />
102-->[com.google.android.gms:play-services-base:18.0.1] AndroidManifest.xml:21:19-78
103
104        <meta-data
104-->[com.google.android.gms:play-services-basement:18.0.0] AndroidManifest.xml:21:9-23:69
105            android:name="com.google.android.gms.version"
105-->[com.google.android.gms:play-services-basement:18.0.0] AndroidManifest.xml:22:13-58
106            android:value="@integer/google_play_services_version" />
106-->[com.google.android.gms:play-services-basement:18.0.0] AndroidManifest.xml:23:13-66
107
108        <receiver
108-->[androidx.profileinstaller:profileinstaller:1.3.0] AndroidManifest.xml:34:9-52:20
109            android:name="androidx.profileinstaller.ProfileInstallReceiver"
109-->[androidx.profileinstaller:profileinstaller:1.3.0] AndroidManifest.xml:35:13-76
110            android:directBootAware="false"
110-->[androidx.profileinstaller:profileinstaller:1.3.0] AndroidManifest.xml:36:13-44
111            android:enabled="true"
111-->[androidx.profileinstaller:profileinstaller:1.3.0] AndroidManifest.xml:37:13-35
112            android:exported="true"
112-->[androidx.profileinstaller:profileinstaller:1.3.0] AndroidManifest.xml:38:13-36
113            android:permission="android.permission.DUMP" >
113-->[androidx.profileinstaller:profileinstaller:1.3.0] AndroidManifest.xml:39:13-57
114            <intent-filter>
114-->[androidx.profileinstaller:profileinstaller:1.3.0] AndroidManifest.xml:40:13-42:29
115                <action android:name="androidx.profileinstaller.action.INSTALL_PROFILE" />
115-->[androidx.profileinstaller:profileinstaller:1.3.0] AndroidManifest.xml:41:17-91
115-->[androidx.profileinstaller:profileinstaller:1.3.0] AndroidManifest.xml:41:25-88
116            </intent-filter>
117            <intent-filter>
117-->[androidx.profileinstaller:profileinstaller:1.3.0] AndroidManifest.xml:43:13-45:29
118                <action android:name="androidx.profileinstaller.action.SKIP_FILE" />
118-->[androidx.profileinstaller:profileinstaller:1.3.0] AndroidManifest.xml:44:17-85
118-->[androidx.profileinstaller:profileinstaller:1.3.0] AndroidManifest.xml:44:25-82
119            </intent-filter>
120            <intent-filter>
120-->[androidx.profileinstaller:profileinstaller:1.3.0] AndroidManifest.xml:46:13-48:29
121                <action android:name="androidx.profileinstaller.action.SAVE_PROFILE" />
121-->[androidx.profileinstaller:profileinstaller:1.3.0] AndroidManifest.xml:47:17-88
121-->[androidx.profileinstaller:profileinstaller:1.3.0] AndroidManifest.xml:47:25-85
122            </intent-filter>
123            <intent-filter>
123-->[androidx.profileinstaller:profileinstaller:1.3.0] AndroidManifest.xml:49:13-51:29
124                <action android:name="androidx.profileinstaller.action.BENCHMARK_OPERATION" />
124-->[androidx.profileinstaller:profileinstaller:1.3.0] AndroidManifest.xml:50:17-95
124-->[androidx.profileinstaller:profileinstaller:1.3.0] AndroidManifest.xml:50:25-92
125            </intent-filter>
126        </receiver>
127    </application>
128
129</manifest>